# JRE version: OpenJDK Runtime Environment (Zulu 8.84.0.15-CA-win64) (8.0_442-b06) (build 1.8.0_442-b06)
# Java VM: OpenJDK 64-Bit Server VM (25.442-b06 mixed mode windows-amd64 compressed oops)
Heap:
 PSYoungGen      total 75776K, used 10725K [0x000000076b800000, 0x0000000770c80000, 0x00000007c0000000)
  eden space 65024K, 0% used [0x000000076b800000,0x000000076b800000,0x000000076f780000)
  from space 10752K, 99% used [0x0000000770200000,0x0000000770c79568,0x0000000770c80000)
  to   space 10752K, 0% used [0x000000076f780000,0x000000076f780000,0x0000000770200000)
 ParOldGen       total 173568K, used 64K [0x00000006c2800000, 0x00000006cd180000, 0x000000076b800000)
  object space 173568K, 0% used [0x00000006c2800000,0x00000006c2810228,0x00000006cd180000)
 Metaspace       used 20513K, capacity 21080K, committed 21248K, reserved 1069056K
  class space    used 2349K, capacity 2502K, committed 2560K, reserved 1048576K
GC Heap History (9 events):
Event: 1.757 GC heap before
{Heap before GC invocations=1 (full 0):
 PSYoungGen      total 75776K, used 65024K [0x000000076b800000, 0x0000000770c80000, 0x00000007c0000000)
  eden space 65024K, 100% used [0x000000076b800000,0x000000076f780000,0x000000076f780000)
  from space 10752K, 0% used [0x0000000770200000,0x0000000770200000,0x0000000770c80000)
  to   space 10752K, 0% used [0x000000076f780000,0x000000076f780000,0x0000000770200000)
 ParOldGen       total 173568K, used 0K [0x00000006c2800000, 0x00000006cd180000, 0x000000076b800000)
  object space 173568K, 0% used [0x00000006c2800000,0x00000006c2800000,0x00000006cd180000)
 Metaspace       used 11728K, capacity 11950K, committed 12032K, reserved 1060864K
  class space    used 1403K, capacity 1510K, committed 1536K, reserved 1048576K
Event: 1.765 GC heap after
Heap after GC invocations=1 (full 0):
 PSYoungGen      total 75776K, used 9558K [0x000000076b800000, 0x0000000770c80000, 0x00000007c0000000)
  eden space 65024K, 0% used [0x000000076b800000,0x000000076b800000,0x000000076f780000)
  from space 10752K, 88% used [0x000000076f780000,0x00000007700d5aa0,0x0000000770200000)
  to   space 10752K, 0% used [0x0000000770200000,0x0000000770200000,0x0000000770c80000)
 ParOldGen       total 173568K, used 16K [0x00000006c2800000, 0x00000006cd180000, 0x000000076b800000)
  object space 173568K, 0% used [0x00000006c2800000,0x00000006c2804000,0x00000006cd180000)
 Metaspace       used 11728K, capacity 11950K, committed 12032K, reserved 1060864K
  class space    used 1403K, capacity 1510K, committed 1536K, reserved 1048576K
}
Event: 2.885 GC heap before
{Heap before GC invocations=2 (full 0):
 PSYoungGen      total 75776K, used 74582K [0x000000076b800000, 0x0000000770c80000, 0x00000007c0000000)
  eden space 65024K, 100% used [0x000000076b800000,0x000000076f780000,0x000000076f780000)
  from space 10752K, 88% used [0x000000076f780000,0x00000007700d5aa0,0x0000000770200000)
  to   space 10752K, 0% used [0x0000000770200000,0x0000000770200000,0x0000000770c80000)
 ParOldGen       total 173568K, used 16K [0x00000006c2800000, 0x00000006cd180000, 0x000000076b800000)
  object space 173568K, 0% used [0x00000006c2800000,0x00000006c2804000,0x00000006cd180000)
 Metaspace       used 16930K, capacity 17274K, committed 17536K, reserved 1064960K
  class space    used 2001K, capacity 2114K, committed 2176K, reserved 1048576K
Event: 2.901 GC heap after
Heap after GC invocations=2 (full 0):
 PSYoungGen      total 75776K, used 10246K [0x000000076b800000, 0x0000000770c80000, 0x00000007c0000000)
  eden space 65024K, 0% used [0x000000076b800000,0x000000076b800000,0x000000076f780000)
  from space 10752K, 95% used [0x0000000770200000,0x0000000770c01b18,0x0000000770c80000)
  to   space 10752K, 0% used [0x000000076f780000,0x000000076f780000,0x0000000770200000)
 ParOldGen       total 173568K, used 24K [0x00000006c2800000, 0x00000006cd180000, 0x000000076b800000)
  object space 173568K, 0% used [0x00000006c2800000,0x00000006c2806000,0x00000006cd180000)
 Metaspace       used 16930K, capacity 17274K, committed 17536K, reserved 1064960K
  class space    used 2001K, capacity 2114K, committed 2176K, reserved 1048576K
}
Event: 3.761 GC heap before
{Heap before GC invocations=3 (full 0):
 PSYoungGen      total 75776K, used 75270K [0x000000076b800000, 0x0000000770c80000, 0x00000007c0000000)
  eden space 65024K, 100% used [0x000000076b800000,0x000000076f780000,0x000000076f780000)
  from space 10752K, 95% used [0x0000000770200000,0x0000000770c01b18,0x0000000770c80000)
  to   space 10752K, 0% used [0x000000076f780000,0x000000076f780000,0x0000000770200000)
 ParOldGen       total 173568K, used 24K [0x00000006c2800000, 0x00000006cd180000, 0x000000076b800000)
  object space 173568K, 0% used [0x00000006c2800000,0x00000006c2806000,0x00000006cd180000)
 Metaspace       used 18433K, capacity 18920K, committed 19200K, reserved 1067008K
  class space    used 2109K, capacity 2252K, committed 2304K, reserved 1048576K
Event: 3.771 GC heap after
Heap after GC invocations=3 (full 0):
 PSYoungGen      total 75776K, used 9950K [0x000000076b800000, 0x0000000770c80000, 0x00000007c0000000)
  eden space 65024K, 0% used [0x000000076b800000,0x000000076b800000,0x000000076f780000)
  from space 10752K, 92% used [0x000000076f780000,0x00000007701378e8,0x0000000770200000)
  to   space 10752K, 0% used [0x0000000770200000,0x0000000770200000,0x0000000770c80000)
 ParOldGen       total 173568K, used 32K [0x00000006c2800000, 0x00000006cd180000, 0x000000076b800000)
  object space 173568K, 0% used [0x00000006c2800000,0x00000006c2808000,0x00000006cd180000)
 Metaspace       used 18433K, capacity 18920K, committed 19200K, reserved 1067008K
  class space    used 2109K, capacity 2252K, committed 2304K, reserved 1048576K
}
Event: 4.411 GC heap before
{Heap before GC invocations=4 (full 0):
 PSYoungGen      total 75776K, used 46120K [0x000000076b800000, 0x0000000770c80000, 0x00000007c0000000)
  eden space 65024K, 55% used [0x000000076b800000,0x000000076db52770,0x000000076f780000)
  from space 10752K, 92% used [0x000000076f780000,0x00000007701378e8,0x0000000770200000)
  to   space 10752K, 0% used [0x0000000770200000,0x0000000770200000,0x0000000770c80000)
 ParOldGen       total 173568K, used 32K [0x00000006c2800000, 0x00000006cd180000, 0x000000076b800000)
  object space 173568K, 0% used [0x00000006c2800000,0x00000006c2808000,0x00000006cd180000)
 Metaspace       used 20513K, capacity 21080K, committed 21248K, reserved 1069056K
  class space    used 2349K, capacity 2502K, committed 2560K, reserved 1048576K
Event: 4.423 GC heap after
Heap after GC invocations=4 (full 0):
 PSYoungGen      total 75776K, used 10725K [0x000000076b800000, 0x0000000770c80000, 0x00000007c0000000)
  eden space 65024K, 0% used [0x000000076b800000,0x000000076b800000,0x000000076f780000)
  from space 10752K, 99% used [0x0000000770200000,0x0000000770c79568,0x0000000770c80000)
  to   space 10752K, 0% used [0x000000076f780000,0x000000076f780000,0x0000000770200000)
 ParOldGen       total 173568K, used 64K [0x00000006c2800000, 0x00000006cd180000, 0x000000076b800000)
  object space 173568K, 0% used [0x00000006c2800000,0x00000006c2810228,0x00000006cd180000)
 Metaspace       used 20513K, capacity 21080K, committed 21248K, reserved 1069056K
  class space    used 2349K, capacity 2502K, committed 2560K, reserved 1048576K
}
Event: 4.423 GC heap before
{Heap before GC invocations=5 (full 1):
 PSYoungGen      total 75776K, used 10725K [0x000000076b800000, 0x0000000770c80000, 0x00000007c0000000)
  eden space 65024K, 0% used [0x000000076b800000,0x000000076b800000,0x000000076f780000)
  from space 10752K, 99% used [0x0000000770200000,0x0000000770c79568,0x0000000770c80000)
  to   space 10752K, 0% used [0x000000076f780000,0x000000076f780000,0x0000000770200000)
 ParOldGen       total 173568K, used 64K [0x00000006c2800000, 0x00000006cd180000, 0x000000076b800000)
  object space 173568K, 0% used [0x00000006c2800000,0x00000006c2810228,0x00000006cd180000)
 Metaspace       used 20513K, capacity 21080K, committed 21248K, reserved 1069056K
  class space    used 2349K, capacity 2502K, committed 2560K, reserved 1048576K

