# JRE version: OpenJDK Runtime Environment (Zulu 8.84.0.15-CA-win64) (8.0_442-b06) (build 1.8.0_442-b06)
# Java VM: OpenJDK 64-Bit Server VM (25.442-b06 mixed mode windows-amd64 compressed oops)
Heap:
 PSYoungGen      total 111104K, used 24389K [0x000000076b800000, 0x0000000774e80000, 0x00000007c0000000)
  eden space 94208K, 7% used [0x000000076b800000,0x000000076bf566a8,0x0000000771400000)
  from space 16896K, 99% used [0x0000000772b80000,0x0000000773bfae70,0x0000000773c00000)
  to   space 24064K, 0% used [0x0000000771400000,0x0000000771400000,0x0000000772b80000)
 ParOldGen       total 101376K, used 25677K [0x00000006c2800000, 0x00000006c8b00000, 0x000000076b800000)
  object space 101376K, 25% used [0x00000006c2800000,0x00000006c41137b8,0x00000006c8b00000)
 Metaspace       used 23560K, capacity 24028K, committed 24192K, reserved 1071104K
  class space    used 2700K, capacity 2868K, committed 2944K, reserved 1048576K
GC Heap History (10 events):
Event: 4.050 GC heap before
{Heap before GC invocations=3 (full 0):
 PSYoungGen      total 75776K, used 75394K [0x000000076b800000, 0x0000000770c80000, 0x00000007c0000000)
  eden space 65024K, 100% used [0x000000076b800000,0x000000076f780000,0x000000076f780000)
  from space 10752K, 96% used [0x0000000770200000,0x0000000770c20958,0x0000000770c80000)
  to   space 10752K, 0% used [0x000000076f780000,0x000000076f780000,0x0000000770200000)
 ParOldGen       total 173568K, used 32K [0x00000006c2800000, 0x00000006cd180000, 0x000000076b800000)
  object space 173568K, 0% used [0x00000006c2800000,0x00000006c2808000,0x00000006cd180000)
 Metaspace       used 17980K, capacity 18422K, committed 18688K, reserved 1064960K
  class space    used 2084K, capacity 2218K, committed 2304K, reserved 1048576K
Event: 4.058 GC heap after
Heap after GC invocations=3 (full 0):
 PSYoungGen      total 75776K, used 8999K [0x000000076b800000, 0x0000000770c80000, 0x00000007c0000000)
  eden space 65024K, 0% used [0x000000076b800000,0x000000076b800000,0x000000076f780000)
  from space 10752K, 83% used [0x000000076f780000,0x0000000770049e40,0x0000000770200000)
  to   space 10752K, 0% used [0x0000000770200000,0x0000000770200000,0x0000000770c80000)
 ParOldGen       total 173568K, used 40K [0x00000006c2800000, 0x00000006cd180000, 0x000000076b800000)
  object space 173568K, 0% used [0x00000006c2800000,0x00000006c280a000,0x00000006cd180000)
 Metaspace       used 17980K, capacity 18422K, committed 18688K, reserved 1064960K
  class space    used 2084K, capacity 2218K, committed 2304K, reserved 1048576K
}
Event: 4.345 GC heap before
{Heap before GC invocations=4 (full 0):
 PSYoungGen      total 75776K, used 21133K [0x000000076b800000, 0x0000000770c80000, 0x00000007c0000000)
  eden space 65024K, 18% used [0x000000076b800000,0x000000076c3d9938,0x000000076f780000)
  from space 10752K, 83% used [0x000000076f780000,0x0000000770049e40,0x0000000770200000)
  to   space 10752K, 0% used [0x0000000770200000,0x0000000770200000,0x0000000770c80000)
 ParOldGen       total 173568K, used 40K [0x00000006c2800000, 0x00000006cd180000, 0x000000076b800000)
  object space 173568K, 0% used [0x00000006c2800000,0x00000006c280a000,0x00000006cd180000)
 Metaspace       used 20620K, capacity 21098K, committed 21296K, reserved 1069056K
  class space    used 2464K, capacity 2642K, committed 2688K, reserved 1048576K
Event: 4.356 GC heap after
Heap after GC invocations=4 (full 0):
 PSYoungGen      total 75776K, used 9031K [0x000000076b800000, 0x0000000770c80000, 0x00000007c0000000)
  eden space 65024K, 0% used [0x000000076b800000,0x000000076b800000,0x000000076f780000)
  from space 10752K, 84% used [0x0000000770200000,0x0000000770ad1fc8,0x0000000770c80000)
  to   space 10752K, 0% used [0x000000076f780000,0x000000076f780000,0x0000000770200000)
 ParOldGen       total 173568K, used 48K [0x00000006c2800000, 0x00000006cd180000, 0x000000076b800000)
  object space 173568K, 0% used [0x00000006c2800000,0x00000006c280c000,0x00000006cd180000)
 Metaspace       used 20620K, capacity 21098K, committed 21296K, reserved 1069056K
  class space    used 2464K, capacity 2642K, committed 2688K, reserved 1048576K
}
Event: 4.356 GC heap before
{Heap before GC invocations=5 (full 1):
 PSYoungGen      total 75776K, used 9031K [0x000000076b800000, 0x0000000770c80000, 0x00000007c0000000)
  eden space 65024K, 0% used [0x000000076b800000,0x000000076b800000,0x000000076f780000)
  from space 10752K, 84% used [0x0000000770200000,0x0000000770ad1fc8,0x0000000770c80000)
  to   space 10752K, 0% used [0x000000076f780000,0x000000076f780000,0x0000000770200000)
 ParOldGen       total 173568K, used 48K [0x00000006c2800000, 0x00000006cd180000, 0x000000076b800000)
  object space 173568K, 0% used [0x00000006c2800000,0x00000006c280c000,0x00000006cd180000)
 Metaspace       used 20620K, capacity 21098K, committed 21296K, reserved 1069056K
  class space    used 2464K, capacity 2642K, committed 2688K, reserved 1048576K
Event: 4.405 GC heap after
Heap after GC invocations=5 (full 1):
 PSYoungGen      total 75776K, used 0K [0x000000076b800000, 0x0000000770c80000, 0x00000007c0000000)
  eden space 65024K, 0% used [0x000000076b800000,0x000000076b800000,0x000000076f780000)
  from space 10752K, 0% used [0x0000000770200000,0x0000000770200000,0x0000000770c80000)
  to   space 10752K, 0% used [0x000000076f780000,0x000000076f780000,0x0000000770200000)
 ParOldGen       total 101376K, used 8902K [0x00000006c2800000, 0x00000006c8b00000, 0x000000076b800000)
  object space 101376K, 8% used [0x00000006c2800000,0x00000006c30b1ac0,0x00000006c8b00000)
 Metaspace       used 20620K, capacity 21098K, committed 21296K, reserved 1069056K
  class space    used 2464K, capacity 2642K, committed 2688K, reserved 1048576K
}
Event: 5.270 GC heap before
{Heap before GC invocations=6 (full 1):
 PSYoungGen      total 75776K, used 65024K [0x000000076b800000, 0x0000000770c80000, 0x00000007c0000000)
  eden space 65024K, 100% used [0x000000076b800000,0x000000076f780000,0x000000076f780000)
  from space 10752K, 0% used [0x0000000770200000,0x0000000770200000,0x0000000770c80000)
  to   space 10752K, 0% used [0x000000076f780000,0x000000076f780000,0x0000000770200000)
 ParOldGen       total 101376K, used 8902K [0x00000006c2800000, 0x00000006c8b00000, 0x000000076b800000)
  object space 101376K, 8% used [0x00000006c2800000,0x00000006c30b1ac0,0x00000006c8b00000)
 Metaspace       used 22951K, capacity 23466K, committed 23680K, reserved 1071104K
  class space    used 2657K, capacity 2834K, committed 2944K, reserved 1048576K
Event: 5.277 GC heap after
Heap after GC invocations=6 (full 1):
 PSYoungGen      total 75776K, used 10735K [0x000000076b800000, 0x0000000773c00000, 0x00000007c0000000)
  eden space 65024K, 0% used [0x000000076b800000,0x000000076b800000,0x000000076f780000)
  from space 10752K, 99% used [0x000000076f780000,0x00000007701fbc50,0x0000000770200000)
  to   space 16896K, 0% used [0x0000000772b80000,0x0000000772b80000,0x0000000773c00000)
 ParOldGen       total 101376K, used 17034K [0x00000006c2800000, 0x00000006c8b00000, 0x000000076b800000)
  object space 101376K, 16% used [0x00000006c2800000,0x00000006c38a2a88,0x00000006c8b00000)
 Metaspace       used 22951K, capacity 23466K, committed 23680K, reserved 1071104K
  class space    used 2657K, capacity 2834K, committed 2944K, reserved 1048576K
}
Event: 5.842 GC heap before
{Heap before GC invocations=7 (full 1):
 PSYoungGen      total 75776K, used 75759K [0x000000076b800000, 0x0000000773c00000, 0x00000007c0000000)
  eden space 65024K, 100% used [0x000000076b800000,0x000000076f780000,0x000000076f780000)
  from space 10752K, 99% used [0x000000076f780000,0x00000007701fbc50,0x0000000770200000)
  to   space 16896K, 0% used [0x0000000772b80000,0x0000000772b80000,0x0000000773c00000)
 ParOldGen       total 101376K, used 17034K [0x00000006c2800000, 0x00000006c8b00000, 0x000000076b800000)
  object space 101376K, 16% used [0x00000006c2800000,0x00000006c38a2a88,0x00000006c8b00000)
 Metaspace       used 23559K, capacity 24028K, committed 24192K, reserved 1071104K
  class space    used 2700K, capacity 2868K, committed 2944K, reserved 1048576K
Event: 5.861 GC heap after
Heap after GC invocations=7 (full 1):
 PSYoungGen      total 111104K, used 16875K [0x000000076b800000, 0x0000000774e80000, 0x00000007c0000000)
  eden space 94208K, 0% used [0x000000076b800000,0x000000076b800000,0x0000000771400000)
  from space 16896K, 99% used [0x0000000772b80000,0x0000000773bfae70,0x0000000773c00000)
  to   space 24064K, 0% used [0x0000000771400000,0x0000000771400000,0x0000000772b80000)
 ParOldGen       total 101376K, used 25677K [0x00000006c2800000, 0x00000006c8b00000, 0x000000076b800000)
  object space 101376K, 25% used [0x00000006c2800000,0x00000006c41137b8,0x00000006c8b00000)
 Metaspace       used 23559K, capacity 24028K, committed 24192K, reserved 1071104K
  class space    used 2700K, capacity 2868K, committed 2944K, reserved 1048576K
}

