# JRE version: OpenJDK Runtime Environment (Zulu 8.84.0.15-CA-win64) (8.0_442-b06) (build 1.8.0_442-b06)
# Java VM: OpenJDK 64-Bit Server VM (25.442-b06 mixed mode windows-amd64 compressed oops)
Heap:
 PSYoungGen      total 116224K, used 22770K [0x000000076b800000, 0x0000000775180000, 0x00000007c0000000)
  eden space 99328K, 5% used [0x000000076b800000,0x000000076bdc2de0,0x0000000771900000)
  from space 16896K, 99% used [0x0000000773080000,0x00000007740f9c90,0x0000000774100000)
  to   space 24064K, 0% used [0x0000000771900000,0x0000000771900000,0x0000000773080000)
 ParOldGen       total 99328K, used 25575K [0x00000006c2800000, 0x00000006c8900000, 0x000000076b800000)
  object space 99328K, 25% used [0x00000006c2800000,0x00000006c40f9e80,0x00000006c8900000)
 Metaspace       used 23615K, capacity 24160K, committed 24448K, reserved 1071104K
  class space    used 2699K, capacity 2868K, committed 2944K, reserved 1048576K
GC Heap History (10 events):
Event: 3.637 GC heap before
{Heap before GC invocations=3 (full 0):
 PSYoungGen      total 75776K, used 75311K [0x000000076b800000, 0x0000000770c80000, 0x00000007c0000000)
  eden space 65024K, 100% used [0x000000076b800000,0x000000076f780000,0x000000076f780000)
  from space 10752K, 95% used [0x0000000770200000,0x0000000770c0be28,0x0000000770c80000)
  to   space 10752K, 0% used [0x000000076f780000,0x000000076f780000,0x0000000770200000)
 ParOldGen       total 173568K, used 24K [0x00000006c2800000, 0x00000006cd180000, 0x000000076b800000)
  object space 173568K, 0% used [0x00000006c2800000,0x00000006c2806000,0x00000006cd180000)
 Metaspace       used 18023K, capacity 18486K, committed 18688K, reserved 1064960K
  class space    used 2084K, capacity 2218K, committed 2304K, reserved 1048576K
Event: 3.645 GC heap after
Heap after GC invocations=3 (full 0):
 PSYoungGen      total 75776K, used 9031K [0x000000076b800000, 0x0000000770c80000, 0x00000007c0000000)
  eden space 65024K, 0% used [0x000000076b800000,0x000000076b800000,0x000000076f780000)
  from space 10752K, 83% used [0x000000076f780000,0x0000000770051dc0,0x0000000770200000)
  to   space 10752K, 0% used [0x0000000770200000,0x0000000770200000,0x0000000770c80000)
 ParOldGen       total 173568K, used 32K [0x00000006c2800000, 0x00000006cd180000, 0x000000076b800000)
  object space 173568K, 0% used [0x00000006c2800000,0x00000006c2808000,0x00000006cd180000)
 Metaspace       used 18023K, capacity 18486K, committed 18688K, reserved 1064960K
  class space    used 2084K, capacity 2218K, committed 2304K, reserved 1048576K
}
Event: 3.969 GC heap before
{Heap before GC invocations=4 (full 0):
 PSYoungGen      total 75776K, used 21210K [0x000000076b800000, 0x0000000770c80000, 0x00000007c0000000)
  eden space 65024K, 18% used [0x000000076b800000,0x000000076c3e4a80,0x000000076f780000)
  from space 10752K, 83% used [0x000000076f780000,0x0000000770051dc0,0x0000000770200000)
  to   space 10752K, 0% used [0x0000000770200000,0x0000000770200000,0x0000000770c80000)
 ParOldGen       total 173568K, used 32K [0x00000006c2800000, 0x00000006cd180000, 0x000000076b800000)
  object space 173568K, 0% used [0x00000006c2800000,0x00000006c2808000,0x00000006cd180000)
 Metaspace       used 20597K, capacity 21102K, committed 21296K, reserved 1069056K
  class space    used 2458K, capacity 2642K, committed 2688K, reserved 1048576K
Event: 3.981 GC heap after
Heap after GC invocations=4 (full 0):
 PSYoungGen      total 75776K, used 9079K [0x000000076b800000, 0x0000000770c80000, 0x00000007c0000000)
  eden space 65024K, 0% used [0x000000076b800000,0x000000076b800000,0x000000076f780000)
  from space 10752K, 84% used [0x0000000770200000,0x0000000770addfd8,0x0000000770c80000)
  to   space 10752K, 0% used [0x000000076f780000,0x000000076f780000,0x0000000770200000)
 ParOldGen       total 173568K, used 40K [0x00000006c2800000, 0x00000006cd180000, 0x000000076b800000)
  object space 173568K, 0% used [0x00000006c2800000,0x00000006c280a000,0x00000006cd180000)
 Metaspace       used 20597K, capacity 21102K, committed 21296K, reserved 1069056K
  class space    used 2458K, capacity 2642K, committed 2688K, reserved 1048576K
}
Event: 3.981 GC heap before
{Heap before GC invocations=5 (full 1):
 PSYoungGen      total 75776K, used 9079K [0x000000076b800000, 0x0000000770c80000, 0x00000007c0000000)
  eden space 65024K, 0% used [0x000000076b800000,0x000000076b800000,0x000000076f780000)
  from space 10752K, 84% used [0x0000000770200000,0x0000000770addfd8,0x0000000770c80000)
  to   space 10752K, 0% used [0x000000076f780000,0x000000076f780000,0x0000000770200000)
 ParOldGen       total 173568K, used 40K [0x00000006c2800000, 0x00000006cd180000, 0x000000076b800000)
  object space 173568K, 0% used [0x00000006c2800000,0x00000006c280a000,0x00000006cd180000)
 Metaspace       used 20597K, capacity 21102K, committed 21296K, reserved 1069056K
  class space    used 2458K, capacity 2642K, committed 2688K, reserved 1048576K
Event: 4.019 GC heap after
Heap after GC invocations=5 (full 1):
 PSYoungGen      total 75776K, used 0K [0x000000076b800000, 0x0000000770c80000, 0x00000007c0000000)
  eden space 65024K, 0% used [0x000000076b800000,0x000000076b800000,0x000000076f780000)
  from space 10752K, 0% used [0x0000000770200000,0x0000000770200000,0x0000000770c80000)
  to   space 10752K, 0% used [0x000000076f780000,0x000000076f780000,0x0000000770200000)
 ParOldGen       total 99328K, used 8903K [0x00000006c2800000, 0x00000006c8900000, 0x000000076b800000)
  object space 99328K, 8% used [0x00000006c2800000,0x00000006c30b1d08,0x00000006c8900000)
 Metaspace       used 20597K, capacity 21102K, committed 21296K, reserved 1069056K
  class space    used 2458K, capacity 2642K, committed 2688K, reserved 1048576K
}
Event: 4.829 GC heap before
{Heap before GC invocations=6 (full 1):
 PSYoungGen      total 75776K, used 65024K [0x000000076b800000, 0x0000000770c80000, 0x00000007c0000000)
  eden space 65024K, 100% used [0x000000076b800000,0x000000076f780000,0x000000076f780000)
  from space 10752K, 0% used [0x0000000770200000,0x0000000770200000,0x0000000770c80000)
  to   space 10752K, 0% used [0x000000076f780000,0x000000076f780000,0x0000000770200000)
 ParOldGen       total 99328K, used 8903K [0x00000006c2800000, 0x00000006c8900000, 0x000000076b800000)
  object space 99328K, 8% used [0x00000006c2800000,0x00000006c30b1d08,0x00000006c8900000)
 Metaspace       used 23012K, capacity 23534K, committed 23936K, reserved 1071104K
  class space    used 2656K, capacity 2834K, committed 2944K, reserved 1048576K
Event: 4.845 GC heap after
Heap after GC invocations=6 (full 1):
 PSYoungGen      total 75776K, used 10720K [0x000000076b800000, 0x0000000774100000, 0x00000007c0000000)
  eden space 65024K, 0% used [0x000000076b800000,0x000000076b800000,0x000000076f780000)
  from space 10752K, 99% used [0x000000076f780000,0x00000007701f81a8,0x0000000770200000)
  to   space 16896K, 0% used [0x0000000773080000,0x0000000773080000,0x0000000774100000)
 ParOldGen       total 99328K, used 16956K [0x00000006c2800000, 0x00000006c8900000, 0x000000076b800000)
  object space 99328K, 17% used [0x00000006c2800000,0x00000006c388f108,0x00000006c8900000)
 Metaspace       used 23012K, capacity 23534K, committed 23936K, reserved 1071104K
  class space    used 2656K, capacity 2834K, committed 2944K, reserved 1048576K
}
Event: 5.544 GC heap before
{Heap before GC invocations=7 (full 1):
 PSYoungGen      total 75776K, used 75744K [0x000000076b800000, 0x0000000774100000, 0x00000007c0000000)
  eden space 65024K, 100% used [0x000000076b800000,0x000000076f780000,0x000000076f780000)
  from space 10752K, 99% used [0x000000076f780000,0x00000007701f81a8,0x0000000770200000)
  to   space 16896K, 0% used [0x0000000773080000,0x0000000773080000,0x0000000774100000)
 ParOldGen       total 99328K, used 16956K [0x00000006c2800000, 0x00000006c8900000, 0x000000076b800000)
  object space 99328K, 17% used [0x00000006c2800000,0x00000006c388f108,0x00000006c8900000)
 Metaspace       used 23613K, capacity 24160K, committed 24448K, reserved 1071104K
  class space    used 2699K, capacity 2868K, committed 2944K, reserved 1048576K
Event: 5.563 GC heap after
Heap after GC invocations=7 (full 1):
 PSYoungGen      total 116224K, used 16871K [0x000000076b800000, 0x0000000775180000, 0x00000007c0000000)
  eden space 99328K, 0% used [0x000000076b800000,0x000000076b800000,0x0000000771900000)
  from space 16896K, 99% used [0x0000000773080000,0x00000007740f9c90,0x0000000774100000)
  to   space 24064K, 0% used [0x0000000771900000,0x0000000771900000,0x0000000773080000)
 ParOldGen       total 99328K, used 25575K [0x00000006c2800000, 0x00000006c8900000, 0x000000076b800000)
  object space 99328K, 25% used [0x00000006c2800000,0x00000006c40f9e80,0x00000006c8900000)
 Metaspace       used 23613K, capacity 24160K, committed 24448K, reserved 1071104K
  class space    used 2699K, capacity 2868K, committed 2944K, reserved 1048576K
}

